<?xml version="1.0" encoding="UTF-8"?>
<!-- Generated by org.testng.reporters.JUnitReportReporter -->
<testsuite skipped="0" hostname="Hossain" name="API.Test.SimpleGetTest" tests="6" failures="0" timestamp="10 May 2019 08:55:35 GMT" time="6.929" errors="0">
  <testcase name="getHeader" time="0.362" classname="API.Test.SimpleGetTest"/>
  <testcase name="getStatusLine" time="0.319" classname="API.Test.SimpleGetTest"/>
  <testcase name="getValidateStatus" time="0.271" classname="API.Test.SimpleGetTest"/>
  <testcase name="getStreamSize" time="0.255" classname="API.Test.SimpleGetTest"/>
  <testcase name="IteratingOverHeaders" time="5.407" classname="API.Test.SimpleGetTest"/>
  <testcase name="getJSON_File" time="0.315" classname="API.Test.SimpleGetTest"/>
</testsuite> <!-- API.Test.SimpleGetTest -->
