<?xml version="1.0" encoding="UTF-8"?>
<!-- Generated by org.testng.reporters.JUnitReportReporter -->
<testsuite skipped="0" hostname="Hossain" name="API.Test.SimpleGetTest" tests="4" failures="0" timestamp="10 May 2019 04:39:58 GMT" time="12.687" errors="0">
  <testcase name="getValidateStatus" time="0.354" classname="API.Test.SimpleGetTest"/>
  <testcase name="IteratingOverHeaders" time="11.689" classname="API.Test.SimpleGetTest"/>
  <testcase name="getHeader" time="0.300" classname="API.Test.SimpleGetTest"/>
  <testcase name="getStatusLine" time="0.344" classname="API.Test.SimpleGetTest"/>
</testsuite> <!-- API.Test.SimpleGetTest -->
