<?xml version="1.0" encoding="UTF-8"?>
<!-- Generated by org.testng.reporters.JUnitReportReporter -->
<testsuite skipped="0" hostname="Hossain" name="API.Test.SimplePOSTTest" tests="1" failures="0" timestamp="08 May 2019 08:25:51 GMT" time="4.975" errors="0">
  <testcase name="RegistrationSuccessful" time="4.975" classname="API.Test.SimplePOSTTest"/>
</testsuite> <!-- API.Test.SimplePOSTTest -->
