<?xml version="1.0" encoding="UTF-8"?>
<!-- Generated by org.testng.reporters.JUnitReportReporter -->
<testsuite skipped="0" hostname="Hossain" name="API.Test.GetCallWithBDD" tests="1" failures="0" timestamp="02 May 2019 05:07:30 GMT" time="5.795" errors="0">
  <testcase name="get_circuitNumber_2017_Seasion" time="5.795" classname="API.Test.GetCallWithBDD"/>
</testsuite> <!-- API.Test.GetCallWithBDD -->
